2021-07-28 12:45:38,812 1562 [main] INFO  cz.abdykili.eshop.EshopApplication - Starting EshopApplication using Java 11.0.11 on abdykili with PID 10210 (/home/abdykili/workflow/ita-2021-java/target/classes started by abdykili in /home/abdykili/workflow/ita-2021-java)
2021-07-28 12:45:38,815 1565 [main] DEBUG cz.abdykili.eshop.EshopApplication - Running with Spring Boot v2.4.8, Spring v5.3.8
2021-07-28 12:45:38,817 1567 [main] INFO  cz.abdykili.eshop.EshopApplication - No active profile set, falling back to default profiles: default
2021-07-28 12:45:43,905 6655 [main] INFO  cz.abdykili.eshop.EshopApplication - Started EshopApplication in 5.959 seconds (JVM running for 8.089)
2021-07-28 12:46:02,146 24896 [http-nio-8080-exec-2] INFO  c.a.e.s.impl.ProductServiceImpl - Deleting the product with id 2
2021-07-28 12:46:02,421 25171 [http-nio-8080-exec-2] ERROR c.a.e.s.impl.ProductServiceImpl - Deleting the product with id 2 | Entity with id 2 was not found
2021-07-28 12:46:16,923 39673 [http-nio-8080-exec-5] INFO  c.a.e.s.impl.ProductServiceImpl - Updating an existing product with id 2
2021-07-28 12:46:16,924 39674 [http-nio-8080-exec-5] DEBUG c.a.e.s.impl.ProductServiceImpl - Updating an existing product with id 2 - Incoming payload ProductRequestDto(id=null, name=GFGFdsf, description=gfdgdf, price=1, stock=0, image=gfgfgdfgd.png) 
2021-07-28 12:46:16,949 39699 [http-nio-8080-exec-5] ERROR c.a.e.s.impl.ProductServiceImpl - Updating an existing product with id 2 | Entity with id 2 was not found
2021-07-28 12:46:23,088 45838 [http-nio-8080-exec-6] ERROR c.a.e.e.CommonExceptionHandler - An error ocurred while processing request GET at /api/v1/product/2
cz.abdykili.eshop.exception.ProductNotFoundException: Product with id 2 not found!
	at cz.abdykili.eshop.service.impl.ProductServiceImpl.lambda$findProduct$1(ProductServiceImpl.java:46)
	at java.base/java.util.Optional.orElseThrow(Optional.java:408)
	at cz.abdykili.eshop.service.impl.ProductServiceImpl.findProduct(ProductServiceImpl.java:46)
	at cz.abdykili.eshop.controller.ProductController.findProductById(ProductController.java:31)
	at java.base/jdk.internal.reflect.NativeMethodAccessorImpl.invoke0(Native Method)
	at java.base/jdk.internal.reflect.NativeMethodAccessorImpl.invoke(NativeMethodAccessorImpl.java:62)
	at java.base/jdk.internal.reflect.DelegatingMethodAccessorImpl.invoke(DelegatingMethodAccessorImpl.java:43)
	at java.base/java.lang.reflect.Method.invoke(Method.java:566)
	at org.springframework.web.method.support.InvocableHandlerMethod.doInvoke(InvocableHandlerMethod.java:197)
	at org.springframework.web.method.support.InvocableHandlerMethod.invokeForRequest(InvocableHandlerMethod.java:141)
	at org.springframework.web.servlet.mvc.method.annotation.ServletInvocableHandlerMethod.invokeAndHandle(ServletInvocableHandlerMethod.java:106)
	at org.springframework.web.servlet.mvc.method.annotation.RequestMappingHandlerAdapter.invokeHandlerMethod(RequestMappingHandlerAdapter.java:894)
	at org.springframework.web.servlet.mvc.method.annotation.RequestMappingHandlerAdapter.handleInternal(RequestMappingHandlerAdapter.java:808)
	at org.springframework.web.servlet.mvc.method.AbstractHandlerMethodAdapter.handle(AbstractHandlerMethodAdapter.java:87)
	at org.springframework.web.servlet.DispatcherServlet.doDispatch(DispatcherServlet.java:1063)
	at org.springframework.web.servlet.DispatcherServlet.doService(DispatcherServlet.java:963)
	at org.springframework.web.servlet.FrameworkServlet.processRequest(FrameworkServlet.java:1006)
	at org.springframework.web.servlet.FrameworkServlet.doGet(FrameworkServlet.java:898)
	at javax.servlet.http.HttpServlet.service(HttpServlet.java:655)
	at org.springframework.web.servlet.FrameworkServlet.service(FrameworkServlet.java:883)
	at javax.servlet.http.HttpServlet.service(HttpServlet.java:764)
	at org.apache.catalina.core.ApplicationFilterChain.internalDoFilter(ApplicationFilterChain.java:228)
	at org.apache.catalina.core.ApplicationFilterChain.doFilter(ApplicationFilterChain.java:163)
	at org.apache.tomcat.websocket.server.WsFilter.doFilter(WsFilter.java:53)
	at org.apache.catalina.core.ApplicationFilterChain.internalDoFilter(ApplicationFilterChain.java:190)
	at org.apache.catalina.core.ApplicationFilterChain.doFilter(ApplicationFilterChain.java:163)
	at org.springframework.web.filter.RequestContextFilter.doFilterInternal(RequestContextFilter.java:100)
	at org.springframework.web.filter.OncePerRequestFilter.doFilter(OncePerRequestFilter.java:119)
	at org.apache.catalina.core.ApplicationFilterChain.internalDoFilter(ApplicationFilterChain.java:190)
	at org.apache.catalina.core.ApplicationFilterChain.doFilter(ApplicationFilterChain.java:163)
	at org.springframework.web.filter.FormContentFilter.doFilterInternal(FormContentFilter.java:93)
	at org.springframework.web.filter.OncePerRequestFilter.doFilter(OncePerRequestFilter.java:119)
	at org.apache.catalina.core.ApplicationFilterChain.internalDoFilter(ApplicationFilterChain.java:190)
	at org.apache.catalina.core.ApplicationFilterChain.doFilter(ApplicationFilterChain.java:163)
	at org.springframework.web.filter.CharacterEncodingFilter.doFilterInternal(CharacterEncodingFilter.java:201)
	at org.springframework.web.filter.OncePerRequestFilter.doFilter(OncePerRequestFilter.java:119)
	at org.apache.catalina.core.ApplicationFilterChain.internalDoFilter(ApplicationFilterChain.java:190)
	at org.apache.catalina.core.ApplicationFilterChain.doFilter(ApplicationFilterChain.java:163)
	at org.apache.catalina.core.StandardWrapperValve.invoke(StandardWrapperValve.java:202)
	at org.apache.catalina.core.StandardContextValve.invoke(StandardContextValve.java:97)
	at org.apache.catalina.authenticator.AuthenticatorBase.invoke(AuthenticatorBase.java:542)
	at org.apache.catalina.core.StandardHostValve.invoke(StandardHostValve.java:143)
	at org.apache.catalina.valves.ErrorReportValve.invoke(ErrorReportValve.java:92)
	at org.apache.catalina.core.StandardEngineValve.invoke(StandardEngineValve.java:78)
	at org.apache.catalina.connector.CoyoteAdapter.service(CoyoteAdapter.java:357)
	at org.apache.coyote.http11.Http11Processor.service(Http11Processor.java:382)
	at org.apache.coyote.AbstractProcessorLight.process(AbstractProcessorLight.java:65)
	at org.apache.coyote.AbstractProtocol$ConnectionHandler.process(AbstractProtocol.java:893)
	at org.apache.tomcat.util.net.NioEndpoint$SocketProcessor.doRun(NioEndpoint.java:1723)
	at org.apache.tomcat.util.net.SocketProcessorBase.run(SocketProcessorBase.java:49)
	at java.base/java.util.concurrent.ThreadPoolExecutor.runWorker(ThreadPoolExecutor.java:1128)
	at java.base/java.util.concurrent.ThreadPoolExecutor$Worker.run(ThreadPoolExecutor.java:628)
	at org.apache.tomcat.util.threads.TaskThread$WrappingRunnable.run(TaskThread.java:61)
	at java.base/java.lang.Thread.run(Thread.java:829)
