2021-07-28 12:22:17,656 1858 [main] INFO  cz.abdykili.eshop.EshopApplication - Starting EshopApplication using Java 11.0.11 on abdykili with PID 9369 (/home/abdykili/workflow/ita-2021-java/target/classes started by abdykili in /home/abdykili/workflow/ita-2021-java)
2021-07-28 12:22:17,657 1859 [main] DEBUG cz.abdykili.eshop.EshopApplication - Running with Spring Boot v2.4.8, Spring v5.3.8
2021-07-28 12:22:17,667 1869 [main] INFO  cz.abdykili.eshop.EshopApplication - No active profile set, falling back to default profiles: default
2021-07-28 12:22:22,081 6283 [main] INFO  cz.abdykili.eshop.EshopApplication - Started EshopApplication in 5.352 seconds (JVM running for 7.838)
2021-07-28 12:22:31,149 15351 [http-nio-8080-exec-2] INFO  c.a.e.s.impl.ProductServiceImpl - Returning 30 products from repository
2021-07-28 12:22:31,149 15351 [http-nio-8080-exec-2] DEBUG c.a.e.s.impl.ProductServiceImpl - Returning the products [ProductResponseDto(id=2, name=test2, description=gfgdfgd, price=1500.00, stock=1, image=url), ProductResponseDto(id=3, name=test3, description=gfgdfgd, price=1500.00, stock=1, image=url), ProductResponseDto(id=4, name=test4, description=gfgdfgd, price=1500.00, stock=1, image=url), ProductResponseDto(id=5, name=testUpdated, description=gfgdfgd, price=1500.00, stock=1, image=url), ProductResponseDto(id=6, name=testUpdated1, description=gfgdfgd, price=1500.00, stock=1, image=url), ProductResponseDto(id=7, name=testssss7, description=gfgdfgd, price=1500.00, stock=1, image=url), ProductResponseDto(id=8, name=test6, description=gfgdfgd, price=1500.00, stock=1, image=url), ProductResponseDto(id=9, name=test6, description=gfgdfgd, price=1500.00, stock=1, image=url), ProductResponseDto(id=10, name=test6, description=gfgdfgd, price=1500.00, stock=1, image=url), ProductResponseDto(id=11, name=test6, description=gfgdfgd, price=1500.00, stock=1, image=url), ProductResponseDto(id=12, name=test6, description=gfgdfgd, price=1500.00, stock=1, image=url), ProductResponseDto(id=13, name=test6, description=gfgdfgd, price=1500.00, stock=1, image=url), ProductResponseDto(id=14, name=test6, description=gfgdfgd, price=1500.00, stock=1, image=url), ProductResponseDto(id=15, name=test6, description=gfgdfgd, price=1500.00, stock=1, image=url), ProductResponseDto(id=16, name=test6, description=gfgdfgd, price=1500.00, stock=1, image=url), ProductResponseDto(id=17, name=test6, description=gfgdfgd, price=1500.00, stock=1, image=url), ProductResponseDto(id=18, name=test6, description=gfgdfgd, price=1500.00, stock=1, image=url), ProductResponseDto(id=19, name=test6, description=gfgdfgd, price=1500.00, stock=1, image=url), ProductResponseDto(id=21, name=test6, description=gfgdfgd, price=1500.00, stock=1, image=url), ProductResponseDto(id=22, name=test6, description=gfgdfgd, price=1500.00, stock=1, image=url), ProductResponseDto(id=24, name=gfd, description=gdf, price=0.00, stock=1, image=url), ProductResponseDto(id=25, name=gfd, description=gdf, price=0.00, stock=1, image=url), ProductResponseDto(id=26, name=gfd, description=gdf, price=2.00, stock=0, image=url), ProductResponseDto(id=27, name=gfd, description=gdf, price=2.00, stock=0, image=43434343), ProductResponseDto(id=29, name=GFGFdfgdfg, description=gdf, price=2.00, stock=0, image=43434343), ProductResponseDto(id=30, name=GFGFdfgdfg, description=gdf, price=4343.00, stock=0, image=43434343), ProductResponseDto(id=31, name=GFGFdfgdfg, description=gdf, price=4343.00, stock=0, image=43423423), ProductResponseDto(id=34, name=GFGFdfgdfg, description=gdf, price=4343.00, stock=0, image=gfgfgdfgd.png), ProductResponseDto(id=20, name=Ggdfgdfg, description=gdf, price=1.00, stock=0, image=gfgfgdfgd.png), ProductResponseDto(id=35, name=Ggdfgdfgfff, description=gfdg, price=1.00, stock=0, image=gfgfgdfgd.png)]
2021-07-28 12:22:36,251 20453 [http-nio-8080-exec-3] INFO  c.a.e.s.impl.ProductServiceImpl - Deleting the product
2021-07-28 12:22:42,171 26373 [http-nio-8080-exec-4] ERROR c.a.e.e.CommonExceptionHandler - An error ocurred while processing request GET at /api/v1/product/2
cz.abdykili.eshop.exception.ProductNotFoundException: Product with id 2 not found!
	at cz.abdykili.eshop.service.impl.ProductServiceImpl.lambda$findProduct$1(ProductServiceImpl.java:46)
	at java.base/java.util.Optional.orElseThrow(Optional.java:408)
	at cz.abdykili.eshop.service.impl.ProductServiceImpl.findProduct(ProductServiceImpl.java:46)
	at cz.abdykili.eshop.controller.ProductController.findProductById(ProductController.java:31)
	at java.base/jdk.internal.reflect.NativeMethodAccessorImpl.invoke0(Native Method)
	at java.base/jdk.internal.reflect.NativeMethodAccessorImpl.invoke(NativeMethodAccessorImpl.java:62)
	at java.base/jdk.internal.reflect.DelegatingMethodAccessorImpl.invoke(DelegatingMethodAccessorImpl.java:43)
	at java.base/java.lang.reflect.Method.invoke(Method.java:566)
	at org.springframework.web.method.support.InvocableHandlerMethod.doInvoke(InvocableHandlerMethod.java:197)
	at org.springframework.web.method.support.InvocableHandlerMethod.invokeForRequest(InvocableHandlerMethod.java:141)
	at org.springframework.web.servlet.mvc.method.annotation.ServletInvocableHandlerMethod.invokeAndHandle(ServletInvocableHandlerMethod.java:106)
	at org.springframework.web.servlet.mvc.method.annotation.RequestMappingHandlerAdapter.invokeHandlerMethod(RequestMappingHandlerAdapter.java:894)
	at org.springframework.web.servlet.mvc.method.annotation.RequestMappingHandlerAdapter.handleInternal(RequestMappingHandlerAdapter.java:808)
	at org.springframework.web.servlet.mvc.method.AbstractHandlerMethodAdapter.handle(AbstractHandlerMethodAdapter.java:87)
	at org.springframework.web.servlet.DispatcherServlet.doDispatch(DispatcherServlet.java:1063)
	at org.springframework.web.servlet.DispatcherServlet.doService(DispatcherServlet.java:963)
	at org.springframework.web.servlet.FrameworkServlet.processRequest(FrameworkServlet.java:1006)
	at org.springframework.web.servlet.FrameworkServlet.doGet(FrameworkServlet.java:898)
	at javax.servlet.http.HttpServlet.service(HttpServlet.java:655)
	at org.springframework.web.servlet.FrameworkServlet.service(FrameworkServlet.java:883)
	at javax.servlet.http.HttpServlet.service(HttpServlet.java:764)
	at org.apache.catalina.core.ApplicationFilterChain.internalDoFilter(ApplicationFilterChain.java:228)
	at org.apache.catalina.core.ApplicationFilterChain.doFilter(ApplicationFilterChain.java:163)
	at org.apache.tomcat.websocket.server.WsFilter.doFilter(WsFilter.java:53)
	at org.apache.catalina.core.ApplicationFilterChain.internalDoFilter(ApplicationFilterChain.java:190)
	at org.apache.catalina.core.ApplicationFilterChain.doFilter(ApplicationFilterChain.java:163)
	at org.springframework.web.filter.RequestContextFilter.doFilterInternal(RequestContextFilter.java:100)
	at org.springframework.web.filter.OncePerRequestFilter.doFilter(OncePerRequestFilter.java:119)
	at org.apache.catalina.core.ApplicationFilterChain.internalDoFilter(ApplicationFilterChain.java:190)
	at org.apache.catalina.core.ApplicationFilterChain.doFilter(ApplicationFilterChain.java:163)
	at org.springframework.web.filter.FormContentFilter.doFilterInternal(FormContentFilter.java:93)
	at org.springframework.web.filter.OncePerRequestFilter.doFilter(OncePerRequestFilter.java:119)
	at org.apache.catalina.core.ApplicationFilterChain.internalDoFilter(ApplicationFilterChain.java:190)
	at org.apache.catalina.core.ApplicationFilterChain.doFilter(ApplicationFilterChain.java:163)
	at org.springframework.web.filter.CharacterEncodingFilter.doFilterInternal(CharacterEncodingFilter.java:201)
	at org.springframework.web.filter.OncePerRequestFilter.doFilter(OncePerRequestFilter.java:119)
	at org.apache.catalina.core.ApplicationFilterChain.internalDoFilter(ApplicationFilterChain.java:190)
	at org.apache.catalina.core.ApplicationFilterChain.doFilter(ApplicationFilterChain.java:163)
	at org.apache.catalina.core.StandardWrapperValve.invoke(StandardWrapperValve.java:202)
	at org.apache.catalina.core.StandardContextValve.invoke(StandardContextValve.java:97)
	at org.apache.catalina.authenticator.AuthenticatorBase.invoke(AuthenticatorBase.java:542)
	at org.apache.catalina.core.StandardHostValve.invoke(StandardHostValve.java:143)
	at org.apache.catalina.valves.ErrorReportValve.invoke(ErrorReportValve.java:92)
	at org.apache.catalina.core.StandardEngineValve.invoke(StandardEngineValve.java:78)
	at org.apache.catalina.connector.CoyoteAdapter.service(CoyoteAdapter.java:357)
	at org.apache.coyote.http11.Http11Processor.service(Http11Processor.java:382)
	at org.apache.coyote.AbstractProcessorLight.process(AbstractProcessorLight.java:65)
	at org.apache.coyote.AbstractProtocol$ConnectionHandler.process(AbstractProtocol.java:893)
	at org.apache.tomcat.util.net.NioEndpoint$SocketProcessor.doRun(NioEndpoint.java:1723)
	at org.apache.tomcat.util.net.SocketProcessorBase.run(SocketProcessorBase.java:49)
	at java.base/java.util.concurrent.ThreadPoolExecutor.runWorker(ThreadPoolExecutor.java:1128)
	at java.base/java.util.concurrent.ThreadPoolExecutor$Worker.run(ThreadPoolExecutor.java:628)
	at org.apache.tomcat.util.threads.TaskThread$WrappingRunnable.run(TaskThread.java:61)
	at java.base/java.lang.Thread.run(Thread.java:829)
2021-07-28 12:22:51,094 35296 [http-nio-8080-exec-6] INFO  c.a.e.s.impl.ProductServiceImpl - Deleting the product
